<?xml version="1.0" encoding="UTF-8"?>
<!-- Generated by org.testng.reporters.JUnitReportReporter -->
<testsuite hostname="LAPTOP-17AKDM07" failures="0" tests="9" name="testClasses.AlertsAndWindows" time="6.977" errors="0" timestamp="2023-03-21T21:34:57 IST" skipped="0">
  <testcase classname="testClasses.AlertsAndWindows" name="verifyDismissConfirmAlertResult" time="0.040"/>
  <system-out/>
  <testcase classname="testClasses.AlertsAndWindows" name="verifyPromptAlertResult" time="0.163"/>
  <system-out/>
  <testcase classname="testClasses.AlertsAndWindows" name="verifyAcceptConfirmAlert" time="0.080"/>
  <system-out/>
  <testcase classname="testClasses.AlertsAndWindows" name="openAlertsSection" time="0.153"/>
  <system-out/>
  <testcase classname="testClasses.AlertsAndWindows" name="handleAlert" time="0.161"/>
  <system-out/>
  <testcase classname="testClasses.AlertsAndWindows" name="handleTimerAlert" time="6.103"/>
  <system-out/>
  <testcase classname="testClasses.AlertsAndWindows" name="dismissConfirmAlert" time="0.088"/>
  <system-out/>
  <testcase classname="testClasses.AlertsAndWindows" name="acceptConfirmAlert" time="0.093"/>
  <system-out/>
  <testcase classname="testClasses.AlertsAndWindows" name="handlePromptAlert" time="0.096"/>
  <system-out/>
</testsuite> <!-- testClasses.AlertsAndWindows -->
