<?xml version="1.0" encoding="UTF-8"?>
<!-- Generated by org.testng.reporters.JUnitReportReporter -->
<testsuite hostname="LAPTOP-17AKDM07" failures="0" tests="5" name="testClasses.DatePicker" time="1.824" errors="0" timestamp="2023-03-21T21:34:26 IST" skipped="0">
  <testcase classname="testClasses.DatePicker" name="openDatePickerSection" time="0.332"/>
  <system-out/>
  <testcase classname="testClasses.DatePicker" name="handleDateAndTimePicker" time="0.826"/>
  <system-out/>
  <testcase classname="testClasses.DatePicker" name="handleDatePicker" time="0.591"/>
  <system-out/>
  <testcase classname="testClasses.DatePicker" name="verifyDateInput" time="0.039"/>
  <system-out/>
  <testcase classname="testClasses.DatePicker" name="verifyDateAndTimeInput" time="0.036"/>
  <system-out/>
</testsuite> <!-- testClasses.DatePicker -->
