<?xml version="1.0" encoding="UTF-8"?>
<!-- Generated by org.testng.reporters.JUnitReportReporter -->
<testsuite hostname="LAPTOP-17AKDM07" failures="0" tests="7" name="testClasses.WebTable" time="2.288" errors="0" timestamp="2023-03-21T21:34:11 IST" skipped="0">
  <testcase classname="testClasses.WebTable" name="openWebTableSection" time="0.222"/>
  <system-out/>
  <testcase classname="testClasses.WebTable" name="openRegistrationForm" time="0.083"/>
  <system-out/>
  <testcase classname="testClasses.WebTable" name="addNewRecord" time="1.257"/>
  <system-out/>
  <testcase classname="testClasses.WebTable" name="verifyAddBtn" time="0.026"/>
  <system-out/>
  <testcase classname="testClasses.WebTable" name="verifyRegFields" time="0.339"/>
  <system-out/>
  <testcase classname="testClasses.WebTable" name="verifyRecord" time="0.309"/>
  <system-out/>
  <testcase classname="testClasses.WebTable" name="deleteRecord" time="0.052"/>
  <system-out/>
</testsuite> <!-- testClasses.WebTable -->
